
> kumoh-pay@0.1.0 start /home/sohn/Kumoh-pay/kumoh-pay
> npm-run-all --parallel start:**

events.js:174
      throw er; // Unhandled 'error' event
      ^

Error: EBADF: bad file descriptor, read
Emitted 'error' event at:
    at lazyFs.read (internal/fs/streams.js:165:12)
    at FSReqWrap.wrapper [as oncomplete] (fs.js:467:17)
npm ERR! code ELIFECYCLE
npm ERR! errno 1
npm ERR! kumoh-pay@0.1.0 start: `npm-run-all --parallel start:**`
npm ERR! Exit status 1
npm ERR! 
npm ERR! Failed at the kumoh-pay@0.1.0 start script.
npm ERR! This is probably not a problem with npm. There is likely additional logging output above.

npm ERR! A complete log of this run can be found in:
npm ERR!     /home/sohn/.npm/_logs/2020-09-17T04_19_43_922Z-debug.log

> kumoh-pay@0.1.0 start /home/sohn/Kumoh-pay/kumoh-pay
> npm-run-all --parallel start:**

events.js:174
      throw er; // Unhandled 'error' event
      ^

Error: EBADF: bad file descriptor, read
Emitted 'error' event at:
    at lazyFs.read (internal/fs/streams.js:165:12)
    at FSReqWrap.wrapper [as oncomplete] (fs.js:467:17)
npm ERR! code ELIFECYCLE
npm ERR! errno 1
npm ERR! kumoh-pay@0.1.0 start: `npm-run-all --parallel start:**`
npm ERR! Exit status 1
npm ERR! 
npm ERR! Failed at the kumoh-pay@0.1.0 start script.
npm ERR! This is probably not a problem with npm. There is likely additional logging output above.

npm ERR! A complete log of this run can be found in:
npm ERR!     /home/sohn/.npm/_logs/2020-09-17T04_20_41_240Z-debug.log
